<?xml version="1.0" encoding="UTF-8"?>
<testsuite xmlns:xsi="http://www.w3.org/2001/XMLSchema-instance" xsi:noNamespaceSchemaLocation="https://maven.apache.org/surefire/maven-surefire-plugin/xsd/surefire-test-report.xsd" version="3.0.2" name="com.akhil.bookstore.catalog.CatalogServiceApplicationTests" time="4.818" tests="1" errors="0" skipped="0" failures="0">
  <properties>
[...]
</properties>
  <testcase name="contextLoads" classname="com.akhil.bookstore.catalog.CatalogServiceApplicationTests" time="0.387">
    <system-out><![CDATA[17:29:21.511 [main] INFO org.springframework.test.context.support.AnnotationConfigContextLoaderUtils -- Could not detect default configuration classes for test class [com.akhil.bookstore.catalog.CatalogServiceApplicationTests]: CatalogServiceApplicationTests does not declare any static, non-private, non-final, nested classes annotated with @Configuration.
17:29:21.572 [main] INFO org.springframework.boot.test.context.SpringBootTestContextBootstrapper -- Found @SpringBootConfiguration com.akhil.bookstore.catalog.CatalogServiceApplication for test class com.akhil.bookstore.catalog.CatalogServiceApplicationTests
17:29:21.642 [main] INFO org.springframework.boot.devtools.restart.RestartApplicationListener -- Restart disabled due to context in which it is running

  .   ____          _            __ _ _
 /\\ / ___'_ __ _ _(_)_ __  __ _ \ \ \ \
( ( )\___ | '_ | '_| | '_ \/ _` | \ \ \ \
 \\/  ___)| |_)| | | | | || (_| |  ) ) ) )
  '  |____| .__|_| |_|_| |_\__, | / / / /
 =========|_|==============|___/=/_/_/_/

 :: Spring Boot ::                (v3.4.5)

2025-05-20T17:29:21.761+05:30  INFO 48984 --- [catalog-service] [           main] c.a.b.c.CatalogServiceApplicationTests   : Starting CatalogServiceApplicationTests using Java 21.0.2 with PID 48984 (started by cvmakhilchundru in /Users/cvmakhilchundru/Workspaces/IntelliJ/Springboot/spring-boot-microservice/catalog-service)
2025-05-20T17:29:21.762+05:30  INFO 48984 --- [catalog-service] [           main] c.a.b.c.CatalogServiceApplicationTests   : No active profile set, falling back to 1 default profile: "default"
2025-05-20T17:29:22.439+05:30  INFO 48984 --- [catalog-service] [           main] .s.d.r.c.RepositoryConfigurationDelegate : Bootstrapping Spring Data JPA repositories in DEFAULT mode.
2025-05-20T17:29:22.448+05:30  INFO 48984 --- [catalog-service] [           main] .s.d.r.c.RepositoryConfigurationDelegate : Finished Spring Data repository scanning in 5 ms. Found 0 JPA repository interfaces.
2025-05-20T17:29:22.695+05:30  INFO 48984 --- [catalog-service] [           main] org.testcontainers.images.PullPolicy     : Image pull policy will be performed by: DefaultPullPolicy()
2025-05-20T17:29:22.697+05:30  INFO 48984 --- [catalog-service] [           main] o.t.utility.ImageNameSubstitutor         : Image name substitution will be performed by: DefaultImageNameSubstitutor (composite of 'ConfigurationFileImageNameSubstitutor' and 'PrefixingImageNameSubstitutor')
2025-05-20T17:29:22.714+05:30  INFO 48984 --- [catalog-service] [           main] org.testcontainers.DockerClientFactory   : Testcontainers version: 1.20.6
2025-05-20T17:29:22.798+05:30  INFO 48984 --- [catalog-service] [           main] o.t.d.DockerClientProviderStrategy       : Loaded org.testcontainers.dockerclient.UnixSocketClientProviderStrategy from ~/.testcontainers.properties, will try it first
2025-05-20T17:29:22.960+05:30  INFO 48984 --- [catalog-service] [           main] o.t.d.DockerClientProviderStrategy       : Found Docker environment with local Unix socket (unix:///var/run/docker.sock)
2025-05-20T17:29:22.961+05:30  INFO 48984 --- [catalog-service] [           main] org.testcontainers.DockerClientFactory   : Docker host IP address is localhost
2025-05-20T17:29:22.971+05:30  INFO 48984 --- [catalog-service] [           main] org.testcontainers.DockerClientFactory   : Connected to docker: 
  Server Version: 27.4.0
  API Version: 1.47
  Operating System: Docker Desktop
  Total Memory: 3919 MB
  Labels: 
    com.docker.desktop.address=unix:///Users/cvmakhilchundru/Library/Containers/com.docker.docker/Data/docker-cli.sock
2025-05-20T17:29:22.983+05:30  INFO 48984 --- [catalog-service] [           main] tc.testcontainers/ryuk:0.11.0            : Creating container for image: testcontainers/ryuk:0.11.0
2025-05-20T17:29:23.221+05:30  INFO 48984 --- [catalog-service] [           main] tc.testcontainers/ryuk:0.11.0            : Container testcontainers/ryuk:0.11.0 is starting: f336c2a94100b31241f9e6b1359cebfcc8728719ecb0e7a66c707da656aaf47a
2025-05-20T17:29:23.510+05:30  INFO 48984 --- [catalog-service] [           main] tc.testcontainers/ryuk:0.11.0            : Container testcontainers/ryuk:0.11.0 started in PT0.527126S
2025-05-20T17:29:23.514+05:30  INFO 48984 --- [catalog-service] [           main] o.t.utility.RyukResourceReaper           : Ryuk started - will monitor and terminate Testcontainers containers on JVM exit
2025-05-20T17:29:23.515+05:30  INFO 48984 --- [catalog-service] [           main] org.testcontainers.DockerClientFactory   : Checking the system...
2025-05-20T17:29:23.515+05:30  INFO 48984 --- [catalog-service] [           main] org.testcontainers.DockerClientFactory   : ✔︎ Docker server version should be at least 1.6.0
2025-05-20T17:29:23.515+05:30  INFO 48984 --- [catalog-service] [           main] tc.postgres:16-alpine                    : Creating container for image: postgres:16-alpine
2025-05-20T17:29:23.535+05:30  INFO 48984 --- [catalog-service] [           main] tc.postgres:16-alpine                    : Container postgres:16-alpine is starting: 1886263eebb3a1633f0a3298e7167d01f8d19283fd07593fe0c3d1fde45e9786
2025-05-20T17:29:24.409+05:30  INFO 48984 --- [catalog-service] [           main] tc.postgres:16-alpine                    : Container postgres:16-alpine started in PT0.894343S
2025-05-20T17:29:24.412+05:30  INFO 48984 --- [catalog-service] [           main] tc.postgres:16-alpine                    : Container is started (JDBC URL: jdbc:postgresql://localhost:58042/test?loggerLevel=OFF)
2025-05-20T17:29:24.689+05:30  INFO 48984 --- [catalog-service] [           main] org.flywaydb.core.FlywayExecutor         : Database: jdbc:postgresql://localhost:58042/test?loggerLevel=OFF (PostgreSQL 16.9)
2025-05-20T17:29:24.711+05:30  INFO 48984 --- [catalog-service] [           main] o.f.c.i.s.JdbcTableSchemaHistory         : Schema history table "public"."flyway_schema_history" does not exist yet
2025-05-20T17:29:24.712+05:30  INFO 48984 --- [catalog-service] [           main] o.f.core.internal.command.DbValidate     : Successfully validated 0 migrations (execution time 00:00.003s)
2025-05-20T17:29:24.712+05:30  WARN 48984 --- [catalog-service] [           main] o.f.core.internal.command.DbValidate     : No migrations found. Are your locations set up correctly?
2025-05-20T17:29:24.719+05:30  INFO 48984 --- [catalog-service] [           main] o.f.c.i.s.JdbcTableSchemaHistory         : Creating Schema History table "public"."flyway_schema_history" ...
2025-05-20T17:29:24.776+05:30  INFO 48984 --- [catalog-service] [           main] o.f.core.internal.command.DbMigrate      : Current version of schema "public": << Empty Schema >>
2025-05-20T17:29:24.779+05:30  INFO 48984 --- [catalog-service] [           main] o.f.core.internal.command.DbMigrate      : Schema "public" is up to date. No migration necessary.
2025-05-20T17:29:24.813+05:30  INFO 48984 --- [catalog-service] [           main] com.zaxxer.hikari.HikariDataSource       : HikariPool-1 - Starting...
2025-05-20T17:29:24.830+05:30  INFO 48984 --- [catalog-service] [           main] com.zaxxer.hikari.pool.HikariPool        : HikariPool-1 - Added connection org.postgresql.jdbc.PgConnection@66859ea9
2025-05-20T17:29:24.831+05:30  INFO 48984 --- [catalog-service] [           main] com.zaxxer.hikari.HikariDataSource       : HikariPool-1 - Start completed.
2025-05-20T17:29:24.851+05:30  INFO 48984 --- [catalog-service] [           main] o.hibernate.jpa.internal.util.LogHelper  : HHH000204: Processing PersistenceUnitInfo [name: default]
2025-05-20T17:29:24.890+05:30  INFO 48984 --- [catalog-service] [           main] org.hibernate.Version                    : HHH000412: Hibernate ORM core version 6.6.13.Final
2025-05-20T17:29:24.905+05:30  INFO 48984 --- [catalog-service] [           main] o.h.c.internal.RegionFactoryInitiator    : HHH000026: Second-level cache disabled
2025-05-20T17:29:25.034+05:30  INFO 48984 --- [catalog-service] [           main] o.s.o.j.p.SpringPersistenceUnitInfo      : No LoadTimeWeaver setup: ignoring JPA class transformer
2025-05-20T17:29:25.074+05:30  INFO 48984 --- [catalog-service] [           main] org.hibernate.orm.connections.pooling    : HHH10001005: Database info:
	Database JDBC URL [Connecting through datasource 'HikariDataSource (HikariPool-1)']
	Database driver: undefined/unknown
	Database version: 16.9
	Autocommit mode: undefined/unknown
	Isolation level: undefined/unknown
	Minimum pool size: undefined/unknown
	Maximum pool size: undefined/unknown
2025-05-20T17:29:25.216+05:30  INFO 48984 --- [catalog-service] [           main] o.h.e.t.j.p.i.JtaPlatformInitiator       : HHH000489: No JTA platform available (set 'hibernate.transaction.jta.platform' to enable JTA platform integration)
2025-05-20T17:29:25.218+05:30  INFO 48984 --- [catalog-service] [           main] j.LocalContainerEntityManagerFactoryBean : Initialized JPA EntityManagerFactory for persistence unit 'default'
2025-05-20T17:29:25.349+05:30  WARN 48984 --- [catalog-service] [           main] JpaBaseConfiguration$JpaWebConfiguration : spring.jpa.open-in-view is enabled by default. Therefore, database queries may be performed during view rendering. Explicitly configure spring.jpa.open-in-view to disable this warning
2025-05-20T17:29:25.788+05:30  INFO 48984 --- [catalog-service] [           main] o.s.b.a.e.web.EndpointLinksResolver      : Exposing 15 endpoints beneath base path '/actuator'
2025-05-20T17:29:25.829+05:30  INFO 48984 --- [catalog-service] [           main] c.a.b.c.CatalogServiceApplicationTests   : Started CatalogServiceApplicationTests in 4.192 seconds (process running for 4.641)
]]></system-out>
    <system-err><![CDATA[Mockito is currently self-attaching to enable the inline-mock-maker. This will no longer work in future releases of the JDK. Please add Mockito as an agent to your build what is described in Mockito's documentation: https://javadoc.io/doc/org.mockito/mockito-core/latest/org/mockito/Mockito.html#0.3
WARNING: A Java agent has been loaded dynamically (/Users/cvmakhilchundru/.m2/repository/net/bytebuddy/byte-buddy-agent/1.15.11/byte-buddy-agent-1.15.11.jar)
WARNING: If a serviceability tool is in use, please run with -XX:+EnableDynamicAgentLoading to hide this warning
WARNING: If a serviceability tool is not in use, please run with -Djdk.instrument.traceUsage for more information
WARNING: Dynamic loading of agents will be disallowed by default in a future release
]]></system-err>
  </testcase>
</testsuite>